Thu, 28 Dec 2017 19:25:46 Log.py[line:16] INFO Downloading: https://www.baidu.com/
Thu, 28 Dec 2017 19:25:46 connectionpool.py[line:824] DEBUG Starting new HTTPS connection (1): www.baidu.com
Thu, 28 Dec 2017 19:25:47 connectionpool.py[line:396] DEBUG https://www.baidu.com:443 "GET / HTTP/1.1" 200 227
Thu, 28 Dec 2017 19:26:29 Log.py[line:16] INFO Downloading: www.baidu.com/
Thu, 28 Dec 2017 19:26:44 Log.py[line:16] INFO Downloading: www.baidu.com/
Thu, 28 Dec 2017 19:27:07 Log.py[line:16] INFO Downloading: https://www.baidu.com/
Thu, 28 Dec 2017 19:27:07 connectionpool.py[line:824] DEBUG Starting new HTTPS connection (1): www.baidu.com
Thu, 28 Dec 2017 19:27:08 connectionpool.py[line:396] DEBUG https://www.baidu.com:443 "GET / HTTP/1.1" 200 227
Thu, 28 Dec 2017 19:28:05 Log.py[line:16] INFO Downloading: https://www.baidu.com/
Thu, 28 Dec 2017 19:28:05 connectionpool.py[line:824] DEBUG Starting new HTTPS connection (1): www.baidu.com
Thu, 28 Dec 2017 19:28:06 connectionpool.py[line:396] DEBUG https://www.baidu.com:443 "GET / HTTP/1.1" 200 227
Thu, 28 Dec 2017 19:33:41 Log.py[line:16] INFO Downloading: https://www.baidu.com/
Thu, 28 Dec 2017 19:33:41 connectionpool.py[line:824] DEBUG Starting new HTTPS connection (1): www.baidu.com
Thu, 28 Dec 2017 19:33:43 connectionpool.py[line:396] DEBUG https://www.baidu.com:443 "GET / HTTP/1.1" 200 227
Thu, 28 Dec 2017 19:34:11 Log.py[line:16] INFO Downloading: https://www.baidu.com/
Thu, 28 Dec 2017 19:34:11 connectionpool.py[line:824] DEBUG Starting new HTTPS connection (1): www.baidu.com
Thu, 28 Dec 2017 19:34:13 connectionpool.py[line:396] DEBUG https://www.baidu.com:443 "GET / HTTP/1.1" 200 227
Thu, 28 Dec 2017 19:35:34 Log.py[line:16] INFO Downloading: https://www.baidu.com/
Thu, 28 Dec 2017 19:35:34 connectionpool.py[line:824] DEBUG Starting new HTTPS connection (1): www.baidu.com
Thu, 28 Dec 2017 19:35:35 connectionpool.py[line:396] DEBUG https://www.baidu.com:443 "GET / HTTP/1.1" 200 227
Thu, 28 Dec 2017 19:35:35 Log.py[line:16] INFO Downloading: www.swu.edu.cn
Thu, 28 Dec 2017 19:35:44 Log.py[line:16] INFO Downloading: https://www.baidu.com/
Thu, 28 Dec 2017 19:35:44 connectionpool.py[line:824] DEBUG Starting new HTTPS connection (1): www.baidu.com
Thu, 28 Dec 2017 19:35:45 connectionpool.py[line:396] DEBUG https://www.baidu.com:443 "GET / HTTP/1.1" 200 227
Thu, 28 Dec 2017 19:35:45 Log.py[line:16] INFO Downloading: http://www.swu.edu.cn
Thu, 28 Dec 2017 19:35:45 connectionpool.py[line:208] DEBUG Starting new HTTP connection (1): www.swu.edu.cn
Thu, 28 Dec 2017 19:35:45 connectionpool.py[line:396] DEBUG http://www.swu.edu.cn:80 "GET / HTTP/1.1" 200 None
Thu, 28 Dec 2017 20:35:41 Log.py[line:16] INFO Downloading: https://www.baidu.com/
Thu, 28 Dec 2017 20:35:41 connectionpool.py[line:824] DEBUG Starting new HTTPS connection (1): www.baidu.com
Thu, 28 Dec 2017 20:35:42 connectionpool.py[line:396] DEBUG https://www.baidu.com:443 "GET / HTTP/1.1" 200 227
Thu, 28 Dec 2017 20:35:42 Log.py[line:16] INFO Downloading: http://www.swu.edu.cn
Thu, 28 Dec 2017 20:35:42 connectionpool.py[line:208] DEBUG Starting new HTTP connection (1): www.swu.edu.cn
Thu, 28 Dec 2017 20:35:43 connectionpool.py[line:396] DEBUG http://www.swu.edu.cn:80 "GET / HTTP/1.1" 200 None
Thu, 28 Dec 2017 20:35:57 Log.py[line:16] INFO Downloading: https://www.baidu.com/
Thu, 28 Dec 2017 20:35:57 connectionpool.py[line:824] DEBUG Starting new HTTPS connection (1): www.baidu.com
Thu, 28 Dec 2017 20:35:59 connectionpool.py[line:396] DEBUG https://www.baidu.com:443 "GET / HTTP/1.1" 200 227
Thu, 28 Dec 2017 20:36:38 Log.py[line:16] INFO Downloading: http://www.baidu.com/
Thu, 28 Dec 2017 20:36:38 connectionpool.py[line:208] DEBUG Starting new HTTP connection (1): www.baidu.com
Thu, 28 Dec 2017 20:36:39 connectionpool.py[line:396] DEBUG http://www.baidu.com:80 "GET / HTTP/1.1" 200 None
